d:\work\zyhn_vision\vision_core_read_code\x64\release\read_code_algorithm.obj
d:\work\zyhn_vision\vision_core_read_code\x64\release\read_code_plugin.obj
d:\work\zyhn_vision\vision_core_read_code\x64\release\read_code_view.obj
d:\work\zyhn_vision\vision_core_read_code\x64\release\vc143.pdb
d:\work\zyhn_vision\vision_core_read_code\x64\release\moc_read_code_view.obj
d:\work\zyhn_vision\vision_core_read_code\x64\release\moc_read_code_plugin.obj
d:\work\zyhn_vision\x64\release\algorithm\vision_core_read_code.dll
d:\work\zyhn_vision\vision_core_read_code\x64\release\qt\moc\moc_read_code_view.cpp
d:\work\zyhn_vision\vision_core_read_code\x64\release\qt\moc\moc_read_code_plugin.cpp
d:\work\zyhn_vision\x64\release\algorithm\vision_core_read_code.lib
d:\work\zyhn_vision\x64\release\algorithm\vision_core_read_code.exp
d:\work\zyhn_vision\vision_core_read_code\x64\release\vision_core_read_code.ipdb
d:\work\zyhn_vision\vision_core_read_code\x64\release\vision_core_read_code.iobj
d:\work\zyhn_vision\vision_core_read_code\x64\release\vision_c.cbd3c71a.tlog\cl.119296.write.1.tlog
d:\work\zyhn_vision\vision_core_read_code\x64\release\vision_c.cbd3c71a.tlog\cl.command.1.tlog
d:\work\zyhn_vision\vision_core_read_code\x64\release\vision_c.cbd3c71a.tlog\cl.items.tlog
d:\work\zyhn_vision\vision_core_read_code\x64\release\vision_c.cbd3c71a.tlog\cl.read.1.tlog
d:\work\zyhn_vision\vision_core_read_code\x64\release\vision_c.cbd3c71a.tlog\link.command.1.tlog
d:\work\zyhn_vision\vision_core_read_code\x64\release\vision_c.cbd3c71a.tlog\link.read.1.tlog
d:\work\zyhn_vision\vision_core_read_code\x64\release\vision_c.cbd3c71a.tlog\link.secondary.1.tlog
d:\work\zyhn_vision\vision_core_read_code\x64\release\vision_c.cbd3c71a.tlog\link.write.1.tlog
d:\work\zyhn_vision\vision_core_read_code\x64\release\vision_c.cbd3c71a.tlog\moc.read.1u.tlog
d:\work\zyhn_vision\vision_core_read_code\x64\release\vision_c.cbd3c71a.tlog\moc.write.1u.tlog
d:\work\zyhn_vision\vision_core_read_code\x64\release\vision_c.cbd3c71a.tlog\vision_core_read_code.write.1u.tlog
