d:\work\zyhn_vision\vision_core.algo.circlefit\x64\release\circle_fitter_view.obj
d:\work\zyhn_vision\vision_core.algo.circlefit\x64\release\circlefit_plugin.obj
d:\work\zyhn_vision\vision_core.algo.circlefit\x64\release\circlefit_algorithm.obj
d:\work\zyhn_vision\vision_core.algo.circlefit\x64\release\vc143.pdb
d:\work\zyhn_vision\vision_core.algo.circlefit\x64\release\moc_circlefit_plugin.obj
d:\work\zyhn_vision\vision_core.algo.circlefit\x64\release\moc_circle_fitter_view.obj
d:\work\zyhn_vision\x64\release\algorithm\vision_core_algo_circlefit.dll
d:\work\zyhn_vision\vision_core.algo.circlefit\x64\release\qt\moc\moc_circle_fitter_view.cpp
d:\work\zyhn_vision\vision_core.algo.circlefit\x64\release\qt\moc\moc_circlefit_plugin.cpp
d:\work\zyhn_vision\x64\release\algorithm\vision_core_algo_circlefit.lib
d:\work\zyhn_vision\x64\release\algorithm\vision_core_algo_circlefit.exp
d:\work\zyhn_vision\vision_core.algo.circlefit\x64\release\vision_core_algo_circlefit.ipdb
d:\work\zyhn_vision\vision_core.algo.circlefit\x64\release\vision_core_algo_circlefit.iobj
d:\work\zyhn_vision\vision_core.algo.circlefit\x64\release\vision_c.3091a54f.tlog\cl.119112.write.1.tlog
d:\work\zyhn_vision\vision_core.algo.circlefit\x64\release\vision_c.3091a54f.tlog\cl.command.1.tlog
d:\work\zyhn_vision\vision_core.algo.circlefit\x64\release\vision_c.3091a54f.tlog\cl.items.tlog
d:\work\zyhn_vision\vision_core.algo.circlefit\x64\release\vision_c.3091a54f.tlog\cl.read.1.tlog
d:\work\zyhn_vision\vision_core.algo.circlefit\x64\release\vision_c.3091a54f.tlog\link.command.1.tlog
d:\work\zyhn_vision\vision_core.algo.circlefit\x64\release\vision_c.3091a54f.tlog\link.read.1.tlog
d:\work\zyhn_vision\vision_core.algo.circlefit\x64\release\vision_c.3091a54f.tlog\link.secondary.1.tlog
d:\work\zyhn_vision\vision_core.algo.circlefit\x64\release\vision_c.3091a54f.tlog\link.write.1.tlog
d:\work\zyhn_vision\vision_core.algo.circlefit\x64\release\vision_c.3091a54f.tlog\moc.read.1u.tlog
d:\work\zyhn_vision\vision_core.algo.circlefit\x64\release\vision_c.3091a54f.tlog\moc.write.1u.tlog
d:\work\zyhn_vision\vision_core.algo.circlefit\x64\release\vision_c.3091a54f.tlog\vision_core_algo_circlefit.write.1u.tlog
