d:\work_project\vision_detection\vision_core_pwp_length\x64\debug\pwp_length_algorithm.obj
d:\work_project\vision_detection\vision_core_pwp_length\x64\debug\pwp_length_view.obj
d:\work_project\vision_detection\vision_core_pwp_length\x64\debug\pwp_length_plugin.obj
d:\work_project\vision_detection\vision_core_pwp_length\x64\debug\vc143.pdb
d:\work_project\vision_detection\vision_core_pwp_length\x64\debug\moc_pwp_length_plugin.obj
d:\work_project\vision_detection\vision_core_pwp_length\x64\debug\moc_pwp_length_view.obj
d:\work_project\vision_detection\x64\debug\algorithm\vision_core_pwp_length.dll
d:\work_project\vision_detection\x64\debug\algorithm\vision_core_pwp_length.pdb
d:\work_project\vision_detection\vision_core_pwp_length\x64\debug\qt\moc\moc_pwp_length_plugin.cpp
d:\work_project\vision_detection\vision_core_pwp_length\x64\debug\qt\moc\moc_pwp_length_view.cpp
d:\work_project\vision_detection\x64\debug\algorithm\vision_core_pwp_length.lib
d:\work_project\vision_detection\x64\debug\algorithm\vision_core_pwp_length.exp
d:\work_project\vision_detection\vision_core_pwp_length\x64\debug\vision_core_pwp_length.ilk
d:\work_project\vision_detection\vision_core_pwp_length\x64\debug\vc143.idb
d:\work_project\vision_detection\vision_core_pwp_length\x64\debug\vision_c.4a84a7d5.tlog\cl.16032.write.1.tlog
d:\work_project\vision_detection\vision_core_pwp_length\x64\debug\vision_c.4a84a7d5.tlog\cl.command.1.tlog
d:\work_project\vision_detection\vision_core_pwp_length\x64\debug\vision_c.4a84a7d5.tlog\cl.items.tlog
d:\work_project\vision_detection\vision_core_pwp_length\x64\debug\vision_c.4a84a7d5.tlog\cl.read.1.tlog
d:\work_project\vision_detection\vision_core_pwp_length\x64\debug\vision_c.4a84a7d5.tlog\link.command.1.tlog
d:\work_project\vision_detection\vision_core_pwp_length\x64\debug\vision_c.4a84a7d5.tlog\link.read.1.tlog
d:\work_project\vision_detection\vision_core_pwp_length\x64\debug\vision_c.4a84a7d5.tlog\link.secondary.1.tlog
d:\work_project\vision_detection\vision_core_pwp_length\x64\debug\vision_c.4a84a7d5.tlog\link.write.1.tlog
d:\work_project\vision_detection\vision_core_pwp_length\x64\debug\vision_c.4a84a7d5.tlog\moc.read.1u.tlog
d:\work_project\vision_detection\vision_core_pwp_length\x64\debug\vision_c.4a84a7d5.tlog\moc.write.1u.tlog
d:\work_project\vision_detection\vision_core_pwp_length\x64\debug\vision_c.4a84a7d5.tlog\vision_core_pwp_length.write.1u.tlog
