d:\work_project\vision_detection\vision_core_hairy_fabric_length\x64\debug\moc_hairy_fabric_view.obj
d:\work_project\vision_detection\vision_core_hairy_fabric_length\x64\debug\moc_hairy_fabric_plugin.obj
d:\work_project\vision_detection\vision_core_hairy_fabric_length\x64\debug\hairy_fabric_plugin.obj
d:\work_project\vision_detection\vision_core_hairy_fabric_length\x64\debug\hairy_fabric_view.obj
d:\work_project\vision_detection\vision_core_hairy_fabric_length\x64\debug\hairy_fabric_algorithm.obj
d:\work_project\vision_detection\vision_core_hairy_fabric_length\x64\debug\vc143.pdb
d:\work_project\vision_detection\x64\debug\algorithm\vision_core_hairy_fabric_length.dll
d:\work_project\vision_detection\x64\debug\algorithm\vision_core_hairy_fabric_length.pdb
d:\work_project\vision_detection\vision_core_hairy_fabric_length\x64\debug\qt\moc\moc_hairy_fabric_plugin.cpp
d:\work_project\vision_detection\vision_core_hairy_fabric_length\x64\debug\qt\moc\moc_hairy_fabric_view.cpp
d:\work_project\vision_detection\x64\debug\algorithm\vision_core_hairy_fabric_length.lib
d:\work_project\vision_detection\x64\debug\algorithm\vision_core_hairy_fabric_length.exp
d:\work_project\vision_detection\vision_core_hairy_fabric_length\x64\debug\vision_core_hairy_fabric_length.ilk
d:\work_project\vision_detection\vision_core_hairy_fabric_length\x64\debug\vc143.idb
d:\work_project\vision_detection\vision_core_hairy_fabric_length\x64\debug\vision_c.1bb64ee8.tlog\cl.15548.write.1.tlog
d:\work_project\vision_detection\vision_core_hairy_fabric_length\x64\debug\vision_c.1bb64ee8.tlog\cl.command.1.tlog
d:\work_project\vision_detection\vision_core_hairy_fabric_length\x64\debug\vision_c.1bb64ee8.tlog\cl.items.tlog
d:\work_project\vision_detection\vision_core_hairy_fabric_length\x64\debug\vision_c.1bb64ee8.tlog\cl.read.1.tlog
d:\work_project\vision_detection\vision_core_hairy_fabric_length\x64\debug\vision_c.1bb64ee8.tlog\link.command.1.tlog
d:\work_project\vision_detection\vision_core_hairy_fabric_length\x64\debug\vision_c.1bb64ee8.tlog\link.read.1.tlog
d:\work_project\vision_detection\vision_core_hairy_fabric_length\x64\debug\vision_c.1bb64ee8.tlog\link.secondary.1.tlog
d:\work_project\vision_detection\vision_core_hairy_fabric_length\x64\debug\vision_c.1bb64ee8.tlog\link.write.1.tlog
d:\work_project\vision_detection\vision_core_hairy_fabric_length\x64\debug\vision_c.1bb64ee8.tlog\moc.read.1u.tlog
d:\work_project\vision_detection\vision_core_hairy_fabric_length\x64\debug\vision_c.1bb64ee8.tlog\moc.write.1u.tlog
d:\work_project\vision_detection\vision_core_hairy_fabric_length\x64\debug\vision_c.1bb64ee8.tlog\vision_core_hairy_fabric_length.write.1u.tlog
