d:\work_project\vision_detection\vision_core.algo.circlefit\x64\debug\circle_fitter_view.obj
d:\work_project\vision_detection\vision_core.algo.circlefit\x64\debug\circlefit_algorithm.obj
d:\work_project\vision_detection\vision_core.algo.circlefit\x64\debug\circlefit_plugin.obj
d:\work_project\vision_detection\vision_core.algo.circlefit\x64\debug\vc143.pdb
d:\work_project\vision_detection\vision_core.algo.circlefit\x64\debug\moc_circle_fitter_view.obj
d:\work_project\vision_detection\vision_core.algo.circlefit\x64\debug\moc_circlefit_plugin.obj
d:\work_project\vision_detection\x64\debug\algorithm\vision_core_algo_circlefit.dll
d:\work_project\vision_detection\x64\debug\algorithm\vision_core_algo_circlefit.pdb
d:\work_project\vision_detection\vision_core.algo.circlefit\x64\debug\qt\moc\moc_circle_fitter_view.cpp
d:\work_project\vision_detection\vision_core.algo.circlefit\x64\debug\qt\moc\moc_circlefit_plugin.cpp
d:\work_project\vision_detection\x64\debug\algorithm\vision_core_algo_circlefit.lib
d:\work_project\vision_detection\x64\debug\algorithm\vision_core_algo_circlefit.exp
d:\work_project\vision_detection\vision_core.algo.circlefit\x64\debug\vision_core_algo_circlefit.ilk
d:\work_project\vision_detection\vision_core.algo.circlefit\x64\debug\vc143.idb
d:\work_project\vision_detection\vision_core.algo.circlefit\x64\debug\vision_c.3091a54f.tlog\cl.11448.write.1.tlog
d:\work_project\vision_detection\vision_core.algo.circlefit\x64\debug\vision_c.3091a54f.tlog\cl.command.1.tlog
d:\work_project\vision_detection\vision_core.algo.circlefit\x64\debug\vision_c.3091a54f.tlog\cl.items.tlog
d:\work_project\vision_detection\vision_core.algo.circlefit\x64\debug\vision_c.3091a54f.tlog\cl.read.1.tlog
d:\work_project\vision_detection\vision_core.algo.circlefit\x64\debug\vision_c.3091a54f.tlog\link.command.1.tlog
d:\work_project\vision_detection\vision_core.algo.circlefit\x64\debug\vision_c.3091a54f.tlog\link.read.1.tlog
d:\work_project\vision_detection\vision_core.algo.circlefit\x64\debug\vision_c.3091a54f.tlog\link.secondary.1.tlog
d:\work_project\vision_detection\vision_core.algo.circlefit\x64\debug\vision_c.3091a54f.tlog\link.write.1.tlog
d:\work_project\vision_detection\vision_core.algo.circlefit\x64\debug\vision_c.3091a54f.tlog\moc.read.1u.tlog
d:\work_project\vision_detection\vision_core.algo.circlefit\x64\debug\vision_c.3091a54f.tlog\moc.write.1u.tlog
d:\work_project\vision_detection\vision_core.algo.circlefit\x64\debug\vision_c.3091a54f.tlog\vision_core_algo_circlefit.write.1u.tlog
