C:\Program Files\Microsoft Visual Studio\18\Community\MSBuild\Microsoft\VC\v170\Microsoft.CppBuild.targets(524,5): warning MSB8004: Output 目录未以斜杠结尾。  此生成实例将添加斜杠，因为必须有这个斜杠才能正确计算 Output 目录。
   Qt/MSBuild: 3.4.1.0
  Reading Qt configuration (D:/Qt/6.5.3/msvc2019_64/bin/qmake)
   Qt: 6.5.3
  moc circle_fitter_view.h
  moc circlefit_plugin.h
  circle_fitter_view.cpp
  circlefit_algorithm.cpp
  circlefit_plugin.cpp
D:\work_project\vision_detection\vision_core.algo.circlefit\circlefit_algorithm.cpp(172,30): warning C4267: “初始化”: 从“size_t”转换到“int”，可能丢失数据
D:\work_project\vision_detection\vision_core.algo.circlefit\circlefit_algorithm.cpp(172,17): warning C4267: “初始化”: 从“size_t”转换到“const int”，可能丢失数据
D:\work_project\vision_detection\vision_core.algo.circlefit\circlefit_algorithm.cpp(279,30): warning C4267: “初始化”: 从“size_t”转换到“int”，可能丢失数据
D:\work_project\vision_detection\vision_core.algo.circlefit\circlefit_algorithm.cpp(279,17): warning C4267: “初始化”: 从“size_t”转换到“const int”，可能丢失数据
D:\work_project\vision_detection\vision_core.algo.circlefit\circlefit_algorithm.cpp(312,30): warning C4267: “初始化”: 从“size_t”转换到“int”，可能丢失数据
D:\work_project\vision_detection\vision_core.algo.circlefit\circlefit_algorithm.cpp(312,17): warning C4267: “初始化”: 从“size_t”转换到“const int”，可能丢失数据
D:\work_project\vision_detection\vision_core.algo.circlefit\circlefit_algorithm.cpp(407,38): warning C4101: “e”: 未引用的局部变量
D:\work_project\vision_detection\vision_core.algo.circlefit\circlefit_algorithm.cpp(443,30): warning C4267: “初始化”: 从“size_t”转换到“int”，可能丢失数据
D:\work_project\vision_detection\vision_core.algo.circlefit\circlefit_algorithm.cpp(443,17): warning C4267: “初始化”: 从“size_t”转换到“const int”，可能丢失数据
D:\work_project\vision_detection\vision_core.algo.circlefit\circlefit_algorithm.cpp(538,38): warning C4101: “e”: 未引用的局部变量
D:\work_project\vision_detection\vision_core.algo.circlefit\circlefit_algorithm.cpp(671,33): warning C4305: “-=”: 从“double”到“float”截断
D:\work_project\vision_detection\vision_core.algo.circlefit\circlefit_algorithm.cpp(674,27): warning C4305: “-=”: 从“double”到“float”截断
  moc_circle_fitter_view.cpp
  moc_circlefit_plugin.cpp
    正在创建库 D:\work_project\vision_detection\x64\Debug\algorithm\vision_core_algo_circlefit.lib 和对象 D:\work_project\vision_detection\x64\Debug\algorithm\vision_core_algo_circlefit.exp
  vision_core.algo.circlefit.vcxproj -> D:\work_project\vision_detection\x64\Debug\algorithm\vision_core_algo_circlefit.dll
